<?xml version="1.0" encoding="UTF-8"?>
<testng-results skipped="0" failed="0" ignored="0" total="11" passed="11">
  <reporter-output>
  </reporter-output>
  <suite name="Test-Suite" duration-ms="414976" started-at="2020-11-02T01:39:42 GMT+01:00" finished-at="2020-11-02T01:46:37 GMT+01:00">
    <groups>
    </groups>
    <test name="ToolsQA" duration-ms="414976" started-at="2020-11-02T01:39:42 GMT+01:00" finished-at="2020-11-02T01:46:37 GMT+01:00">
      <class name="CertificateRequest.TestPublic">
        <test-method status="PASS" signature="Setup()[pri:0, instance:CertificateRequest.TestPublic@52a86356]" name="Setup" is-config="true" duration-ms="3872" started-at="2020-11-02T01:39:42 GMT+01:00" finished-at="2020-11-02T01:39:46 GMT+01:00">
          <reporter-output>
          </reporter-output>
        </test-method> <!-- Setup -->
        <test-method status="PASS" signature="Vodafone(java.lang.String, java.lang.String, java.lang.String, java.lang.String, java.lang.String)[pri:0, instance:CertificateRequest.TestPublic@52a86356]" name="Vodafone" duration-ms="62205" started-at="2020-11-02T01:39:47 GMT+01:00" data-provider="userdata" finished-at="2020-11-02T01:40:49 GMT+01:00">
          <params>
            <param index="0">
              <value>
                <![CDATA[wessam]]>
              </value>
            </param>
            <param index="1">
              <value>
                <![CDATA[gamal]]>
              </value>
            </param>
            <param index="2">
              <value>
                <![CDATA[wessam.gamal@vodafone.com]]>
              </value>
            </param>
            <param index="3">
              <value>
                <![CDATA[wessam.gamal@vodafone.com]]>
              </value>
            </param>
            <param index="4">
              <value>
                <![CDATA[swift-train.vodafone.com.csr]]>
              </value>
            </param>
          </params>
          <reporter-output>
          </reporter-output>
        </test-method> <!-- Vodafone -->
        <test-method status="PASS" signature="Vodafone(java.lang.String, java.lang.String, java.lang.String, java.lang.String, java.lang.String)[pri:0, instance:CertificateRequest.TestPublic@52a86356]" name="Vodafone" duration-ms="49403" started-at="2020-11-02T01:40:49 GMT+01:00" data-provider="userdata" finished-at="2020-11-02T01:41:38 GMT+01:00">
          <params>
            <param index="0">
              <value>
                <![CDATA[wessam]]>
              </value>
            </param>
            <param index="1">
              <value>
                <![CDATA[gamal]]>
              </value>
            </param>
            <param index="2">
              <value>
                <![CDATA[wessam.gamal@vodafone.com]]>
              </value>
            </param>
            <param index="3">
              <value>
                <![CDATA[wessam.gamal@vodafone.com]]>
              </value>
            </param>
            <param index="4">
              <value>
                <![CDATA[swift-uat.vodafone.com.csr]]>
              </value>
            </param>
          </params>
          <reporter-output>
          </reporter-output>
        </test-method> <!-- Vodafone -->
        <test-method status="PASS" signature="Vodafone(java.lang.String, java.lang.String, java.lang.String, java.lang.String, java.lang.String)[pri:0, instance:CertificateRequest.TestPublic@52a86356]" name="Vodafone" duration-ms="49220" started-at="2020-11-02T01:41:38 GMT+01:00" data-provider="userdata" finished-at="2020-11-02T01:42:28 GMT+01:00">
          <params>
            <param index="0">
              <value>
                <![CDATA[wessam]]>
              </value>
            </param>
            <param index="1">
              <value>
                <![CDATA[gamal]]>
              </value>
            </param>
            <param index="2">
              <value>
                <![CDATA[wessam.gamal@vodafone.com]]>
              </value>
            </param>
            <param index="3">
              <value>
                <![CDATA[wessam.gamal@vodafone.com]]>
              </value>
            </param>
            <param index="4">
              <value>
                <![CDATA[swift-sit.vodafone.com.csr]]>
              </value>
            </param>
          </params>
          <reporter-output>
          </reporter-output>
        </test-method> <!-- Vodafone -->
        <test-method status="PASS" signature="Vodafone(java.lang.String, java.lang.String, java.lang.String, java.lang.String, java.lang.String)[pri:0, instance:CertificateRequest.TestPublic@52a86356]" name="Vodafone" duration-ms="48924" started-at="2020-11-02T01:42:28 GMT+01:00" data-provider="userdata" finished-at="2020-11-02T01:43:17 GMT+01:00">
          <params>
            <param index="0">
              <value>
                <![CDATA[wessam]]>
              </value>
            </param>
            <param index="1">
              <value>
                <![CDATA[gamal]]>
              </value>
            </param>
            <param index="2">
              <value>
                <![CDATA[wessam.gamal@vodafone.com]]>
              </value>
            </param>
            <param index="3">
              <value>
                <![CDATA[wessam.gamal@vodafone.com]]>
              </value>
            </param>
            <param index="4">
              <value>
                <![CDATA[proxy-rat-amelia-stage.vodafone.com.csr]]>
              </value>
            </param>
          </params>
          <reporter-output>
          </reporter-output>
        </test-method> <!-- Vodafone -->
        <test-method status="PASS" signature="Vodafone(java.lang.String, java.lang.String, java.lang.String, java.lang.String, java.lang.String)[pri:0, instance:CertificateRequest.TestPublic@52a86356]" name="Vodafone" duration-ms="49129" started-at="2020-11-02T01:43:17 GMT+01:00" data-provider="userdata" finished-at="2020-11-02T01:44:06 GMT+01:00">
          <params>
            <param index="0">
              <value>
                <![CDATA[mahmoud]]>
              </value>
            </param>
            <param index="1">
              <value>
                <![CDATA[anwar]]>
              </value>
            </param>
            <param index="2">
              <value>
                <![CDATA[wessam.gamal@vodafone.com]]>
              </value>
            </param>
            <param index="3">
              <value>
                <![CDATA[wessam.gamal@vodafone.com]]>
              </value>
            </param>
            <param index="4">
              <value>
                <![CDATA[cfsadminstage.vodafone.com.csr]]>
              </value>
            </param>
          </params>
          <reporter-output>
          </reporter-output>
        </test-method> <!-- Vodafone -->
        <test-method status="PASS" signature="Vodafone(java.lang.String, java.lang.String, java.lang.String, java.lang.String, java.lang.String)[pri:0, instance:CertificateRequest.TestPublic@52a86356]" name="Vodafone" duration-ms="49334" started-at="2020-11-02T01:44:06 GMT+01:00" data-provider="userdata" finished-at="2020-11-02T01:44:55 GMT+01:00">
          <params>
            <param index="0">
              <value>
                <![CDATA[wessam]]>
              </value>
            </param>
            <param index="1">
              <value>
                <![CDATA[gamal]]>
              </value>
            </param>
            <param index="2">
              <value>
                <![CDATA[wessam.gamal@vodafone.com]]>
              </value>
            </param>
            <param index="3">
              <value>
                <![CDATA[wessam.gamal@vodafone.com]]>
              </value>
            </param>
            <param index="4">
              <value>
                <![CDATA[mobilefirst-stage.vodafone.com.csr  ]]>
              </value>
            </param>
          </params>
          <reporter-output>
          </reporter-output>
        </test-method> <!-- Vodafone -->
        <test-method status="PASS" signature="EndTest()[pri:0, instance:CertificateRequest.TestPublic@52a86356]" name="EndTest" is-config="true" duration-ms="1283" started-at="2020-11-02T01:44:55 GMT+01:00" finished-at="2020-11-02T01:44:56 GMT+01:00">
          <reporter-output>
          </reporter-output>
        </test-method> <!-- EndTest -->
      </class> <!-- CertificateRequest.TestPublic -->
      <class name="CertificateRequest.TestPrivate">
        <test-method status="PASS" signature="start()[pri:0, instance:CertificateRequest.TestPrivate@5ce81285]" name="start" is-config="true" duration-ms="14641" started-at="2020-11-02T01:44:56 GMT+01:00" finished-at="2020-11-02T01:45:11 GMT+01:00">
          <reporter-output>
          </reporter-output>
        </test-method> <!-- start -->
        <test-method status="PASS" signature="wessam(java.lang.String, java.lang.String, java.lang.String, java.lang.String, java.lang.String)[pri:0, instance:CertificateRequest.TestPrivate@5ce81285]" name="wessam" duration-ms="16933" started-at="2020-11-02T01:45:11 GMT+01:00" data-provider="newdata" finished-at="2020-11-02T01:45:28 GMT+01:00">
          <params>
            <param index="0">
              <value>
                <![CDATA[wessam]]>
              </value>
            </param>
            <param index="1">
              <value>
                <![CDATA[gamal]]>
              </value>
            </param>
            <param index="2">
              <value>
                <![CDATA[wessam.gamal@vodafone.com]]>
              </value>
            </param>
            <param index="3">
              <value>
                <![CDATA[wessam.gamal@vodafone.com]]>
              </value>
            </param>
            <param index="4">
              <value>
                <![CDATA[ccp.vodafone.com.csr]]>
              </value>
            </param>
          </params>
          <reporter-output>
          </reporter-output>
        </test-method> <!-- wessam -->
        <test-method status="PASS" signature="wessam(java.lang.String, java.lang.String, java.lang.String, java.lang.String, java.lang.String)[pri:0, instance:CertificateRequest.TestPrivate@5ce81285]" name="wessam" duration-ms="16986" started-at="2020-11-02T01:45:28 GMT+01:00" data-provider="newdata" finished-at="2020-11-02T01:45:45 GMT+01:00">
          <params>
            <param index="0">
              <value>
                <![CDATA[wessam]]>
              </value>
            </param>
            <param index="1">
              <value>
                <![CDATA[gamal]]>
              </value>
            </param>
            <param index="2">
              <value>
                <![CDATA[wessam.gamal@vodafone.com]]>
              </value>
            </param>
            <param index="3">
              <value>
                <![CDATA[wessam.gamal@vodafone.com]]>
              </value>
            </param>
            <param index="4">
              <value>
                <![CDATA[ccp-prodsupp.vodafone.com.csr]]>
              </value>
            </param>
          </params>
          <reporter-output>
          </reporter-output>
        </test-method> <!-- wessam -->
        <test-method status="PASS" signature="wessam(java.lang.String, java.lang.String, java.lang.String, java.lang.String, java.lang.String)[pri:0, instance:CertificateRequest.TestPrivate@5ce81285]" name="wessam" duration-ms="16941" started-at="2020-11-02T01:45:45 GMT+01:00" data-provider="newdata" finished-at="2020-11-02T01:46:02 GMT+01:00">
          <params>
            <param index="0">
              <value>
                <![CDATA[wessam]]>
              </value>
            </param>
            <param index="1">
              <value>
                <![CDATA[gamal]]>
              </value>
            </param>
            <param index="2">
              <value>
                <![CDATA[wessam.gamal@vodafone.com]]>
              </value>
            </param>
            <param index="3">
              <value>
                <![CDATA[wessam.gamal@vodafone.com]]>
              </value>
            </param>
            <param index="4">
              <value>
                <![CDATA[tapas.vodafone.com.csr]]>
              </value>
            </param>
          </params>
          <reporter-output>
          </reporter-output>
        </test-method> <!-- wessam -->
        <test-method status="PASS" signature="wessam(java.lang.String, java.lang.String, java.lang.String, java.lang.String, java.lang.String)[pri:0, instance:CertificateRequest.TestPrivate@5ce81285]" name="wessam" duration-ms="16990" started-at="2020-11-02T01:46:02 GMT+01:00" data-provider="newdata" finished-at="2020-11-02T01:46:19 GMT+01:00">
          <params>
            <param index="0">
              <value>
                <![CDATA[wessam]]>
              </value>
            </param>
            <param index="1">
              <value>
                <![CDATA[gamal]]>
              </value>
            </param>
            <param index="2">
              <value>
                <![CDATA[wessam.gamal@vodafone.com]]>
              </value>
            </param>
            <param index="3">
              <value>
                <![CDATA[wessam.gamal@vodafone.com]]>
              </value>
            </param>
            <param index="4">
              <value>
                <![CDATA[tapaspp.vodafone.com.csr]]>
              </value>
            </param>
          </params>
          <reporter-output>
          </reporter-output>
        </test-method> <!-- wessam -->
        <test-method status="PASS" signature="wessam(java.lang.String, java.lang.String, java.lang.String, java.lang.String, java.lang.String)[pri:0, instance:CertificateRequest.TestPrivate@5ce81285]" name="wessam" duration-ms="17006" started-at="2020-11-02T01:46:19 GMT+01:00" data-provider="newdata" finished-at="2020-11-02T01:46:36 GMT+01:00">
          <params>
            <param index="0">
              <value>
                <![CDATA[mahmoud]]>
              </value>
            </param>
            <param index="1">
              <value>
                <![CDATA[anwar]]>
              </value>
            </param>
            <param index="2">
              <value>
                <![CDATA[wessam.gamal@vodafone.com]]>
              </value>
            </param>
            <param index="3">
              <value>
                <![CDATA[wessam.gamal@vodafone.com]]>
              </value>
            </param>
            <param index="4">
              <value>
                <![CDATA[cfs-portal-adm.vodafone.com.csr]]>
              </value>
            </param>
          </params>
          <reporter-output>
          </reporter-output>
        </test-method> <!-- wessam -->
        <test-method status="PASS" signature="EndTest()[pri:0, instance:CertificateRequest.TestPrivate@5ce81285]" name="EndTest" is-config="true" duration-ms="1142" started-at="2020-11-02T01:46:36 GMT+01:00" finished-at="2020-11-02T01:46:37 GMT+01:00">
          <reporter-output>
          </reporter-output>
        </test-method> <!-- EndTest -->
      </class> <!-- CertificateRequest.TestPrivate -->
    </test> <!-- ToolsQA -->
  </suite> <!-- Test-Suite -->
</testng-results>
