<?xml version="1.0" encoding="UTF-8"?>
<testsuite xmlns:xsi="http://www.w3.org/2001/XMLSchema-instance" xsi:noNamespaceSchemaLocation="https://maven.apache.org/surefire/maven-surefire-plugin/xsd/surefire-test-report.xsd" name="TestSuite" time="415.731" tests="11" errors="0" skipped="0" failures="0">
  <properties>
[...]
</properties>
  <testcase name="Vodafone" classname="CertificateRequest.TestPublic" time="62.205"/>
  <testcase name="Vodafone" classname="CertificateRequest.TestPublic" time="49.419"/>
  <testcase name="Vodafone" classname="CertificateRequest.TestPublic" time="49.205"/>
  <testcase name="Vodafone" classname="CertificateRequest.TestPublic" time="48.922"/>
  <testcase name="Vodafone" classname="CertificateRequest.TestPublic" time="49.149"/>
  <testcase name="Vodafone" classname="CertificateRequest.TestPublic" time="49.319"/>
  <testcase name="wessam" classname="CertificateRequest.TestPrivate" time="16.933"/>
  <testcase name="wessam" classname="CertificateRequest.TestPrivate" time="16.987"/>
  <testcase name="wessam" classname="CertificateRequest.TestPrivate" time="16.942"/>
  <testcase name="wessam" classname="CertificateRequest.TestPrivate" time="16.99"/>
  <testcase name="wessam" classname="CertificateRequest.TestPrivate" time="17.006"/>
</testsuite>