<?xml version="1.0" encoding="UTF-8"?>
<!-- Generated by org.testng.reporters.JUnitXMLReporter -->
<testsuite hostname="W2K8R2-DC" ignored="0" name="ToolsQA" tests="11" failures="0" timestamp="2020-11-02T01:46:37 GMT+01:00" time="414.976" errors="0">
  <testcase name="Vodafone" time="62.205" classname="CertificateRequest.TestPublic"/>
  <testcase name="Vodafone" time="49.403" classname="CertificateRequest.TestPublic"/>
  <testcase name="Vodafone" time="49.22" classname="CertificateRequest.TestPublic"/>
  <testcase name="Vodafone" time="48.924" classname="CertificateRequest.TestPublic"/>
  <testcase name="Vodafone" time="49.129" classname="CertificateRequest.TestPublic"/>
  <testcase name="Vodafone" time="49.334" classname="CertificateRequest.TestPublic"/>
  <testcase name="wessam" time="16.933" classname="CertificateRequest.TestPrivate"/>
  <testcase name="wessam" time="16.986" classname="CertificateRequest.TestPrivate"/>
  <testcase name="wessam" time="16.941" classname="CertificateRequest.TestPrivate"/>
  <testcase name="wessam" time="16.99" classname="CertificateRequest.TestPrivate"/>
  <testcase name="wessam" time="17.006" classname="CertificateRequest.TestPrivate"/>
</testsuite> <!-- ToolsQA -->
